<?xml version="1.0" encoding="UTF-8"?>
<!-- Generated by org.testng.reporters.JUnitReportReporter -->
<testsuite skipped="0" hostname="Lenovo" name="com.flowdrive.nativetest.Testcase_1" tests="1" failures="0" timestamp="18 Feb 2018 16:10:38 GMT" time="15.617" errors="0">
  <testcase name="f" time="15.617" classname="com.flowdrive.nativetest.Testcase_1"/>
</testsuite> <!-- com.flowdrive.nativetest.Testcase_1 -->
