<?xml version="1.0" encoding="UTF-8"?>
<!-- Generated by org.testng.reporters.JUnitReportReporter -->
<testsuite skipped="0" hostname="TaatooLovers" name="com.flowdrive.nativetest.ValidateJourney" tests="1" failures="0" timestamp="19 Feb 2018 16:48:49 GMT" time="33.118" errors="0">
  <testcase name="f" time="33.118" classname="com.flowdrive.nativetest.ValidateJourney"/>
</testsuite> <!-- com.flowdrive.nativetest.ValidateJourney -->
