<?xml version="1.0" encoding="UTF-8"?>
<!-- Generated by org.testng.reporters.JUnitReportReporter -->
<testsuite skipped="0" hostname="TaatooLovers" name="com.flowdrive.nativetest.Testcase_1" tests="1" failures="0" timestamp="19 Feb 2018 16:12:28 GMT" time="24.423" errors="0">
  <testcase name="f" time="24.423" classname="com.flowdrive.nativetest.Testcase_1"/>
</testsuite> <!-- com.flowdrive.nativetest.Testcase_1 -->
